  [4;36;1mSQL (0.3ms)[0m   [0;1mSET client_min_messages TO 'panic'[0m
  [4;35;1mSQL (0.1ms)[0m   [0mSET client_min_messages TO 'warning'[0m
  [4;36;1mSQL (8.7ms)[0m   [0;1mCREATE TABLE "schema_migrations" ("version" character varying(255) NOT NULL) [0m
  [4;35;1mSQL (34.5ms)[0m   [0mCREATE UNIQUE INDEX "unique_schema_migrations" ON "schema_migrations" ("version")[0m
  [4;36;1mSQL (0.2ms)[0m   [0;1mSELECT version FROM schema_migrations[0m
Migrating to CreateUsers (20090517154357)
  [4;35;1mSQL (0.1ms)[0m   [0mBEGIN[0m
  [4;36;1mSQL (13.2ms)[0m   [0;1mCREATE TABLE "users" ("id" serial primary key, "username" character varying(255), "email" character varying(255), "password" character varying(255), "role" character varying(255), "active" boolean, "activation_code" character varying(255), "activation_code_generated" date, "last_login" timestamp, "password_salt" character varying(255), "created_at" timestamp, "updated_at" timestamp) [0m
  [4;35;1mSQL (0.6ms)[0m   [0mINSERT INTO schema_migrations (version) VALUES ('20090517154357')[0m
  [4;36;1mSQL (1.8ms)[0m   [0;1mCOMMIT[0m
  [4;35;1mSQL (0.8ms)[0m   [0mSELECT version FROM schema_migrations[0m
  [4;36;1mSQL (0.2ms)[0m   [0;1mSET client_min_messages TO 'panic'[0m
  [4;35;1mSQL (0.2ms)[0m   [0mSET client_min_messages TO 'warning'[0m
  [4;36;1mSQL (0.3ms)[0m   [0;1mSET client_min_messages TO 'panic'[0m
  [4;35;1mSQL (0.1ms)[0m   [0mSET client_min_messages TO 'warning'[0m


Processing ApplicationController#index (for 127.0.0.1 at 2009-05-17 10:42:05) [GET]

ActionController::RoutingError (No route matches "/" with {:method=>:get}):
  /usr/lib/ruby/1.8/mongrel.rb:159:in `process_client'
  /usr/lib/ruby/1.8/mongrel.rb:158:in `each'
  /usr/lib/ruby/1.8/mongrel.rb:158:in `process_client'
  /usr/lib/ruby/1.8/mongrel.rb:285:in `run'
  /usr/lib/ruby/1.8/mongrel.rb:285:in `initialize'
  /usr/lib/ruby/1.8/mongrel.rb:285:in `new'
  /usr/lib/ruby/1.8/mongrel.rb:285:in `run'
  /usr/lib/ruby/1.8/mongrel.rb:268:in `initialize'
  /usr/lib/ruby/1.8/mongrel.rb:268:in `new'
  /usr/lib/ruby/1.8/mongrel.rb:268:in `run'

Rendering rescues/layout (not_found)
  [4;36;1mSQL (1.8ms)[0m   [0;1mSET client_min_messages TO 'panic'[0m
  [4;35;1mSQL (0.4ms)[0m   [0mSET client_min_messages TO 'warning'[0m


Processing PresentationsController#index (for 127.0.0.1 at 2009-05-17 22:22:40) [GET]
  Parameters: {"action"=>"index", "controller"=>"presentations"}

NameError (uninitialized constant PresentationsController::Presentation):
  app/controllers/presentations_controller.rb:5:in `index'
  /usr/lib/ruby/1.8/mongrel.rb:159:in `process_client'
  /usr/lib/ruby/1.8/mongrel.rb:158:in `each'
  /usr/lib/ruby/1.8/mongrel.rb:158:in `process_client'
  /usr/lib/ruby/1.8/mongrel.rb:285:in `run'
  /usr/lib/ruby/1.8/mongrel.rb:285:in `initialize'
  /usr/lib/ruby/1.8/mongrel.rb:285:in `new'
  /usr/lib/ruby/1.8/mongrel.rb:285:in `run'
  /usr/lib/ruby/1.8/mongrel.rb:268:in `initialize'
  /usr/lib/ruby/1.8/mongrel.rb:268:in `new'
  /usr/lib/ruby/1.8/mongrel.rb:268:in `run'

Rendered rescues/_trace (71.0ms)
Rendered rescues/_request_and_response (2.3ms)
Rendering rescues/layout (internal_server_error)
  [4;36;1mSQL (1.1ms)[0m   [0;1mSET client_min_messages TO 'panic'[0m
  [4;35;1mSQL (0.2ms)[0m   [0mSET client_min_messages TO 'warning'[0m


Processing PresentationsController#index (for 127.0.0.1 at 2009-05-17 22:25:56) [GET]
  Parameters: {"action"=>"index", "controller"=>"presentations"}
Completed in 18ms (View: 9, DB: 1) | 200 OK [http://localhost/]
  [4;36;1mSQL (0.3ms)[0m   [0;1mSET client_min_messages TO 'panic'[0m
  [4;35;1mSQL (0.1ms)[0m   [0mSET client_min_messages TO 'warning'[0m


Processing PresentationsController#show (for 127.0.0.1 at 2009-05-17 22:27:36) [GET]
  Parameters: {"action"=>"show", "url"=>[], "controller"=>"presentations"}

NameError (uninitialized constant PresentationsController::Presentation):
  app/controllers/presentations_controller.rb:17:in `show'
  /usr/lib/ruby/1.8/mongrel.rb:159:in `process_client'
  /usr/lib/ruby/1.8/mongrel.rb:158:in `each'
  /usr/lib/ruby/1.8/mongrel.rb:158:in `process_client'
  /usr/lib/ruby/1.8/mongrel.rb:285:in `run'
  /usr/lib/ruby/1.8/mongrel.rb:285:in `initialize'
  /usr/lib/ruby/1.8/mongrel.rb:285:in `new'
  /usr/lib/ruby/1.8/mongrel.rb:285:in `run'
  /usr/lib/ruby/1.8/mongrel.rb:268:in `initialize'
  /usr/lib/ruby/1.8/mongrel.rb:268:in `new'
  /usr/lib/ruby/1.8/mongrel.rb:268:in `run'

Rendered rescues/_trace (32.6ms)
Rendered rescues/_request_and_response (0.3ms)
Rendering rescues/layout (internal_server_error)
  [4;36;1mSQL (0.5ms)[0m   [0;1mSET client_min_messages TO 'panic'[0m
  [4;35;1mSQL (3.0ms)[0m   [0mSET client_min_messages TO 'warning'[0m


Processing PresentationsController#show (for 127.0.0.1 at 2009-05-17 22:32:02) [GET]
  Parameters: {"action"=>"show", "url"=>[], "controller"=>"presentations"}
Completed in 5ms (View: 1, DB: 4) | 200 OK [http://localhost/]

***** Debugger requested, but was not available: Start server with --debugger to enable *****

***** Debugger requested, but was not available: Start server with --debugger to enable *****

***** Debugger requested, but was not available: Start server with --debugger to enable *****

***** Debugger requested, but was not available: Start server with --debugger to enable *****

***** Debugger requested, but was not available: Start server with --debugger to enable *****

***** Debugger requested, but was not available: Start server with --debugger to enable *****

***** Debugger requested, but was not available: Start server with --debugger to enable *****

***** Debugger requested, but was not available: Start server with --debugger to enable *****

***** Debugger requested, but was not available: Start server with --debugger to enable *****

***** Debugger requested, but was not available: Start server with --debugger to enable *****

***** Debugger requested, but was not available: Start server with --debugger to enable *****

***** Debugger requested, but was not available: Start server with --debugger to enable *****

***** Debugger requested, but was not available: Start server with --debugger to enable *****

***** Debugger requested, but was not available: Start server with --debugger to enable *****

***** Debugger requested, but was not available: Start server with --debugger to enable *****

***** Debugger requested, but was not available: Start server with --debugger to enable *****

***** Debugger requested, but was not available: Start server with --debugger to enable *****

***** Debugger requested, but was not available: Start server with --debugger to enable *****

***** Debugger requested, but was not available: Start server with --debugger to enable *****

***** Debugger requested, but was not available: Start server with --debugger to enable *****
  [4;36;1mSQL (0.4ms)[0m   [0;1mSET client_min_messages TO 'panic'[0m
  [4;35;1mSQL (0.1ms)[0m   [0mSET client_min_messages TO 'warning'[0m


Processing PresentationsController#show (for 127.0.0.1 at 2009-05-18 19:56:28) [GET]
  Parameters: {"action"=>"show", "url"=>[], "controller"=>"presentations"}
Completed in 48ms (View: 20, DB: 0) | 200 OK [http://localhost/]
  [4;36;1mSQL (0.8ms)[0m   [0;1mSET client_min_messages TO 'panic'[0m
  [4;35;1mSQL (0.5ms)[0m   [0mSET client_min_messages TO 'warning'[0m


Processing ApplicationController#admin_show (for 127.0.0.1 at 2009-05-18 19:56:38) [GET]
  Parameters: {"action"=>"admin_show", "controller"=>"users"}

NameError (undefined local variable or method `searches' for AdminController:Class):
  app/controllers/admin_controller.rb:20
  app/controllers/users_controller.rb:1
  /usr/lib/ruby/1.8/mongrel.rb:159:in `process_client'
  /usr/lib/ruby/1.8/mongrel.rb:158:in `each'
  /usr/lib/ruby/1.8/mongrel.rb:158:in `process_client'
  /usr/lib/ruby/1.8/mongrel.rb:285:in `run'
  /usr/lib/ruby/1.8/mongrel.rb:285:in `initialize'
  /usr/lib/ruby/1.8/mongrel.rb:285:in `new'
  /usr/lib/ruby/1.8/mongrel.rb:285:in `run'
  /usr/lib/ruby/1.8/mongrel.rb:268:in `initialize'
  /usr/lib/ruby/1.8/mongrel.rb:268:in `new'
  /usr/lib/ruby/1.8/mongrel.rb:268:in `run'

Rendered rescues/_trace (47.7ms)
Rendered rescues/_request_and_response (1.8ms)
Rendering rescues/layout (internal_server_error)
  [4;36;1mSQL (0.3ms)[0m   [0;1mSET client_min_messages TO 'panic'[0m
  [4;35;1mSQL (0.0ms)[0m   [0mSET client_min_messages TO 'warning'[0m


Processing UsersController#admin_show (for 127.0.0.1 at 2009-05-18 19:58:03) [GET]
  Parameters: {"action"=>"admin_show", "controller"=>"users"}

RuntimeError (#<ActionController::Request:0x7fd060027028 @content_type=nil, @parameters={"action"=>"admin_show", "controller"=>"users"}, @env={"rack.session"=>{:session_id=>"ff4e84feedf80a85dc32c95380a6817b"}, "SERVER_NAME"=>"localhost", "HTTP_ACCEPT"=>"*/*", "HTTP_HOST"=>"localhost:3000", "HTTP_USER_AGENT"=>"curl/7.18.2 (x86_64-pc-linux-gnu) libcurl/7.18.2 OpenSSL/0.9.8g zlib/1.2.3.3 libidn/1.10", "REQUEST_PATH"=>"/admin/users", "rack.url_scheme"=>"http", "action_controller.request.request_parameters"=>{}, "SERVER_PROTOCOL"=>"HTTP/1.1", "rack.errors"=>#<IO:0x7fd067fc8ac0>, "REMOTE_ADDR"=>"127.0.0.1", "PATH_INFO"=>"/admin/users", "SERVER_SOFTWARE"=>"Mongrel 1.1.5", "rack.run_once"=>false, "rack.version"=>[0, 1], "rack.request"=>#<Rack::Request:0x7fd060025188 @env={...}>, "rack.routing_args"=>{"action"=>"admin_show", "controller"=>"users"}, "SCRIPT_NAME"=>"", "HTTP_VERSION"=>"HTTP/1.1", "rack.multithread"=>false, "REQUEST_URI"=>"/admin/users", "rack.multiprocess"=>false, "rack.request.query_hash"=>{}, "SERVER_PORT"=>"3000", "rack.session.options"=>{:domain=>nil, :expire_after=>nil, :httponly=>true, :key=>"_session_id", :id=>"ff4e84feedf80a85dc32c95380a6817b", :path=>"/"}, "REQUEST_METHOD"=>"GET", "action_controller.request.query_parameters"=>{}, "action_controller.rescue.request"=>#<ActionController::Request:0x7fd060027028 ...>, "rack.request.query_string"=>"", "action_controller.rescue.response"=>#<ActionController::Response:0x7fd060027000 @writer=#<Proc:0x00007fd0602efd78@/usr/lib/ruby/gems/1.8/gems/actionpack-2.3.2/lib/action_controller/response.rb:46>, @header={"Cache-Control"=>"no-cache"}, @status=200, @redirected_to=nil, @body=["", nil, [], []], @block=nil, @assigns=[], @session={:session_id=>"ff4e84feedf80a85dc32c95380a6817b"}, @request=#<ActionController::Request:0x7fd060027028 ...>, @template=#<ActionView::Base:0x7fd060026c90 @view_paths=["/home/mmh/src/ba/app/views"], @controller=#<UsersController:0x7fd060026dd0 @_session={:session_id=>"ff4e84feedf80a85dc32c95380a6817b"}, @_params={"action"=>"admin_show", "controller"=>"users"}, @url=#<ActionController::UrlRewriter:0x7fd060025ed0 @parameters={"action"=>"admin_show", "controller"=>"users"}, @request=#<ActionController::Request:0x7fd060027028 ...>>, @performed_redirect=false, @before_filter_chain_aborted=false, @request_origin="127.0.0.1 at 2009-05-18 19:58:03", @_request=#<ActionController::Request:0x7fd060027028 ...>, @_headers={"Cache-Control"=>"no-cache"}, @performed_render=false, @action_name="admin_show", @template=#<ActionView::Base:0x7fd060026c90 ...>, @_response=#<ActionController::Response:0x7fd060027000 ...>>, @_current_render=nil, @assigns_added=nil, @_first_render=nil, @assigns={}, @helpers=#<ActionView::Base::ProxyModule:0x7fd060026c40>>>, "GATEWAY_INTERFACE"=>"CGI/1.2", "rack.input"=>#<StringIO:0x7fd0600877c0>, "QUERY_STRING"=>""}, @request_method=:get>):
  app/controllers/admin_controller.rb:27:in `check_logged_in_as_admin'
  /usr/lib/ruby/1.8/mongrel.rb:159:in `process_client'
  /usr/lib/ruby/1.8/mongrel.rb:158:in `each'
  /usr/lib/ruby/1.8/mongrel.rb:158:in `process_client'
  /usr/lib/ruby/1.8/mongrel.rb:285:in `run'
  /usr/lib/ruby/1.8/mongrel.rb:285:in `initialize'
  /usr/lib/ruby/1.8/mongrel.rb:285:in `new'
  /usr/lib/ruby/1.8/mongrel.rb:285:in `run'
  /usr/lib/ruby/1.8/mongrel.rb:268:in `initialize'
  /usr/lib/ruby/1.8/mongrel.rb:268:in `new'
  /usr/lib/ruby/1.8/mongrel.rb:268:in `run'

Rendered rescues/_trace (46.0ms)
Rendered rescues/_request_and_response (0.3ms)
Rendering rescues/layout (internal_server_error)
  [4;36;1mSQL (0.5ms)[0m   [0;1mSET client_min_messages TO 'panic'[0m
  [4;35;1mSQL (0.2ms)[0m   [0mSET client_min_messages TO 'warning'[0m


Processing UsersController#admin_show (for 127.0.0.1 at 2009-05-18 19:58:22) [GET]
  Parameters: {"action"=>"admin_show", "controller"=>"users"}

RuntimeError (#<ActionController::Request:0x7fd0601eca98 @content_type=nil, @parameters={"action"=>"admin_show", "controller"=>"users"}, @env={"rack.session"=>{:session_id=>"208e78fedf72cc47d26368b6d9d365fb"}, "SERVER_NAME"=>"localhost", "HTTP_ACCEPT"=>"*/*", "HTTP_HOST"=>"localhost:3000", "HTTP_USER_AGENT"=>"curl/7.18.2 (x86_64-pc-linux-gnu) libcurl/7.18.2 OpenSSL/0.9.8g zlib/1.2.3.3 libidn/1.10", "REQUEST_PATH"=>"/admin/users", "rack.url_scheme"=>"http", "action_controller.request.request_parameters"=>{}, "SERVER_PROTOCOL"=>"HTTP/1.1", "rack.errors"=>#<IO:0x7fd067fc8ac0>, "REMOTE_ADDR"=>"127.0.0.1", "PATH_INFO"=>"/admin/users", "SERVER_SOFTWARE"=>"Mongrel 1.1.5", "rack.run_once"=>false, "rack.version"=>[0, 1], "rack.request"=>#<Rack::Request:0x7fd0601eabd0 @env={...}>, "rack.routing_args"=>{"action"=>"admin_show", "controller"=>"users"}, "SCRIPT_NAME"=>"", "HTTP_VERSION"=>"HTTP/1.1", "rack.multithread"=>false, "REQUEST_URI"=>"/admin/users", "rack.multiprocess"=>false, "rack.request.query_hash"=>{}, "SERVER_PORT"=>"3000", "rack.session.options"=>{:domain=>nil, :expire_after=>nil, :httponly=>true, :key=>"_session_id", :id=>"208e78fedf72cc47d26368b6d9d365fb", :path=>"/"}, "REQUEST_METHOD"=>"GET", "action_controller.request.query_parameters"=>{}, "action_controller.rescue.request"=>#<ActionController::Request:0x7fd0601eca98 ...>, "rack.request.query_string"=>"", "action_controller.rescue.response"=>#<ActionController::Response:0x7fd0601eca70 @writer=#<Proc:0x00007fd0602efd78@/usr/lib/ruby/gems/1.8/gems/actionpack-2.3.2/lib/action_controller/response.rb:46>, @header={"Cache-Control"=>"no-cache"}, @status=200, @redirected_to=nil, @body=["", nil, [], []], @block=nil, @assigns=[], @session={:session_id=>"208e78fedf72cc47d26368b6d9d365fb"}, @request=#<ActionController::Request:0x7fd0601eca98 ...>, @template=#<ActionView::Base:0x7fd0601ec700 @view_paths=["/home/mmh/src/ba/app/views"], @controller=#<UsersController:0x7fd0601ec840 @_session={:session_id=>"208e78fedf72cc47d26368b6d9d365fb"}, @_params={"action"=>"admin_show", "controller"=>"users"}, @url=#<ActionController::UrlRewriter:0x7fd0601eb940 @parameters={"action"=>"admin_show", "controller"=>"users"}, @request=#<ActionController::Request:0x7fd0601eca98 ...>>, @performed_redirect=false, @before_filter_chain_aborted=false, @request_origin="127.0.0.1 at 2009-05-18 19:58:22", @_request=#<ActionController::Request:0x7fd0601eca98 ...>, @_headers={"Cache-Control"=>"no-cache"}, @performed_render=false, @action_name="admin_show", @template=#<ActionView::Base:0x7fd0601ec700 ...>, @_response=#<ActionController::Response:0x7fd0601eca70 ...>>, @_current_render=nil, @assigns_added=nil, @_first_render=nil, @assigns={}, @helpers=#<ActionView::Base::ProxyModule:0x7fd0601ec6b0>>>, "GATEWAY_INTERFACE"=>"CGI/1.2", "rack.input"=>#<StringIO:0x7fd06025e0f8>, "QUERY_STRING"=>""}, @request_method=:get>):
  app/controllers/admin_controller.rb:27:in `check_logged_in_as_admin'
  /usr/lib/ruby/1.8/mongrel.rb:159:in `process_client'
  /usr/lib/ruby/1.8/mongrel.rb:158:in `each'
  /usr/lib/ruby/1.8/mongrel.rb:158:in `process_client'
  /usr/lib/ruby/1.8/mongrel.rb:285:in `run'
  /usr/lib/ruby/1.8/mongrel.rb:285:in `initialize'
  /usr/lib/ruby/1.8/mongrel.rb:285:in `new'
  /usr/lib/ruby/1.8/mongrel.rb:285:in `run'
  /usr/lib/ruby/1.8/mongrel.rb:268:in `initialize'
  /usr/lib/ruby/1.8/mongrel.rb:268:in `new'
  /usr/lib/ruby/1.8/mongrel.rb:268:in `run'

Rendered rescues/_trace (39.2ms)
Rendered rescues/_request_and_response (0.3ms)
Rendering rescues/layout (internal_server_error)
  [4;36;1mSQL (0.2ms)[0m   [0;1mSET client_min_messages TO 'panic'[0m
  [4;35;1mSQL (0.1ms)[0m   [0mSET client_min_messages TO 'warning'[0m


Processing UsersController#admin_show (for 127.0.0.1 at 2009-05-18 19:59:26) [GET]
  Parameters: {"action"=>"admin_show", "controller"=>"users"}

RuntimeError ({"action"=>"admin_show", "controller"=>"users"}):
  app/controllers/admin_controller.rb:27:in `check_logged_in_as_admin'
  /usr/lib/ruby/1.8/mongrel.rb:159:in `process_client'
  /usr/lib/ruby/1.8/mongrel.rb:158:in `each'
  /usr/lib/ruby/1.8/mongrel.rb:158:in `process_client'
  /usr/lib/ruby/1.8/mongrel.rb:285:in `run'
  /usr/lib/ruby/1.8/mongrel.rb:285:in `initialize'
  /usr/lib/ruby/1.8/mongrel.rb:285:in `new'
  /usr/lib/ruby/1.8/mongrel.rb:285:in `run'
  /usr/lib/ruby/1.8/mongrel.rb:268:in `initialize'
  /usr/lib/ruby/1.8/mongrel.rb:268:in `new'
  /usr/lib/ruby/1.8/mongrel.rb:268:in `run'

Rendered rescues/_trace (127.8ms)
Rendered rescues/_request_and_response (0.3ms)
Rendering rescues/layout (internal_server_error)
  [4;36;1mSQL (0.4ms)[0m   [0;1mSET client_min_messages TO 'panic'[0m
  [4;35;1mSQL (0.0ms)[0m   [0mSET client_min_messages TO 'warning'[0m


Processing UsersController#admin_show (for 127.0.0.1 at 2009-05-18 19:59:33) [GET]
  Parameters: {"action"=>"admin_show", "controller"=>"users"}

RuntimeError ({"action"=>"admin_show", "controller"=>"users"}):
  app/controllers/admin_controller.rb:27:in `check_logged_in_as_admin'
  /usr/lib/ruby/1.8/mongrel.rb:159:in `process_client'
  /usr/lib/ruby/1.8/mongrel.rb:158:in `each'
  /usr/lib/ruby/1.8/mongrel.rb:158:in `process_client'
  /usr/lib/ruby/1.8/mongrel.rb:285:in `run'
  /usr/lib/ruby/1.8/mongrel.rb:285:in `initialize'
  /usr/lib/ruby/1.8/mongrel.rb:285:in `new'
  /usr/lib/ruby/1.8/mongrel.rb:285:in `run'
  /usr/lib/ruby/1.8/mongrel.rb:268:in `initialize'
  /usr/lib/ruby/1.8/mongrel.rb:268:in `new'
  /usr/lib/ruby/1.8/mongrel.rb:268:in `run'

Rendered rescues/_trace (33.1ms)
Rendered rescues/_request_and_response (0.3ms)
Rendering rescues/layout (internal_server_error)
  [4;36;1mSQL (0.5ms)[0m   [0;1mSET client_min_messages TO 'panic'[0m
  [4;35;1mSQL (0.2ms)[0m   [0mSET client_min_messages TO 'warning'[0m


Processing UsersController#admin_show (for 127.0.0.1 at 2009-05-18 19:59:53) [GET]
  Parameters: {"action"=>"admin_show", "controller"=>"users"}

RuntimeError ({"action"=>"admin_show", "controller"=>"users"}):
  app/controllers/admin_controller.rb:27:in `check_logged_in_as_admin'
  /usr/lib/ruby/1.8/mongrel.rb:159:in `process_client'
  /usr/lib/ruby/1.8/mongrel.rb:158:in `each'
  /usr/lib/ruby/1.8/mongrel.rb:158:in `process_client'
  /usr/lib/ruby/1.8/mongrel.rb:285:in `run'
  /usr/lib/ruby/1.8/mongrel.rb:285:in `initialize'
  /usr/lib/ruby/1.8/mongrel.rb:285:in `new'
  /usr/lib/ruby/1.8/mongrel.rb:285:in `run'
  /usr/lib/ruby/1.8/mongrel.rb:268:in `initialize'
  /usr/lib/ruby/1.8/mongrel.rb:268:in `new'
  /usr/lib/ruby/1.8/mongrel.rb:268:in `run'

Rendered rescues/_trace (105.5ms)
Rendered rescues/_request_and_response (0.3ms)
Rendering rescues/layout (internal_server_error)
  [4;36;1mSQL (3.5ms)[0m   [0;1mSET client_min_messages TO 'panic'[0m
  [4;35;1mSQL (0.2ms)[0m   [0mSET client_min_messages TO 'warning'[0m


Processing UsersController#admin_show (for 127.0.0.1 at 2009-05-18 20:10:58) [GET]
  Parameters: {"action"=>"admin_show", "controller"=>"users"}

***** Debugger requested, but was not available: Start server with --debugger to enable *****
Redirected to http://localhost:3000/login
Filter chain halted as [:check_logged_in_as_admin] rendered_or_redirected.
Completed in 1ms (DB: 4) | 302 Found [http://localhost/admin/users]
  [4;36;1mSQL (0.1ms)[0m   [0;1mSET client_min_messages TO 'panic'[0m
  [4;35;1mSQL (0.1ms)[0m   [0mSET client_min_messages TO 'warning'[0m


Processing PresentationsController#show (for 127.0.0.1 at 2009-05-18 20:19:14) [GET]
  Parameters: {"action"=>"show", "url"=>[], "controller"=>"presentations"}
Completed in 5ms (View: 1, DB: 0) | 200 OK [http://localhost/]
  [4;36;1mSQL (0.5ms)[0m   [0;1mSET client_min_messages TO 'panic'[0m
  [4;35;1mSQL (0.2ms)[0m   [0mSET client_min_messages TO 'warning'[0m


Processing UsersController#admin_show (for 127.0.0.1 at 2009-05-18 20:19:18) [GET]
  Parameters: {"action"=>"admin_show", "controller"=>"users"}

***** Debugger requested, but was not available: Start server with --debugger to enable *****
Redirected to http://localhost:3000/login
Filter chain halted as [:check_logged_in_as_admin] rendered_or_redirected.
Completed in 4ms (DB: 1) | 302 Found [http://localhost/admin/users]
  [4;36;1mSQL (0.1ms)[0m   [0;1mSET client_min_messages TO 'panic'[0m
  [4;35;1mSQL (0.0ms)[0m   [0mSET client_min_messages TO 'warning'[0m


Processing PresentationsController#show (for 127.0.0.1 at 2009-05-18 20:19:18) [GET]
  Parameters: {"action"=>"show", "url"=>["login"], "controller"=>"presentations"}
Completed in 3ms (View: 1, DB: 0) | 200 OK [http://localhost/login]
  [4;36;1mSQL (0.2ms)[0m   [0;1mSET client_min_messages TO 'panic'[0m
  [4;35;1mSQL (0.1ms)[0m   [0mSET client_min_messages TO 'warning'[0m


Processing PresentationsController#show (for 127.0.0.1 at 2009-05-18 20:19:31) [GET]
  Parameters: {"action"=>"show", "url"=>["login"], "controller"=>"presentations"}
Completed in 8ms (View: 5, DB: 0) | 200 OK [http://localhost/login]
  [4;36;1mSQL (0.3ms)[0m   [0;1mSET client_min_messages TO 'panic'[0m
  [4;35;1mSQL (0.2ms)[0m   [0mSET client_min_messages TO 'warning'[0m


Processing PresentationsController#show (for 127.0.0.1 at 2009-05-18 20:20:02) [GET]
  Parameters: {"action"=>"show", "url"=>["login"], "controller"=>"presentations"}
Completed in 4ms (View: 1, DB: 1) | 200 OK [http://localhost/login]
  [4;36;1mSQL (0.2ms)[0m   [0;1mSET client_min_messages TO 'panic'[0m
  [4;35;1mSQL (0.1ms)[0m   [0mSET client_min_messages TO 'warning'[0m


Processing PresentationsController#show (for 127.0.0.1 at 2009-05-18 20:20:09) [GET]
  Parameters: {"action"=>"show", "url"=>["login"], "controller"=>"presentations"}
Completed in 5ms (View: 1, DB: 0) | 200 OK [http://localhost/login]
  [4;36;1mSQL (0.5ms)[0m   [0;1mSET client_min_messages TO 'panic'[0m
  [4;35;1mSQL (0.2ms)[0m   [0mSET client_min_messages TO 'warning'[0m


Processing UsersController#admin_show (for 127.0.0.1 at 2009-05-18 20:20:19) [GET]
  Parameters: {"action"=>"admin_show", "controller"=>"users"}

RuntimeError (here):
  app/controllers/admin_controller.rb:27:in `check_logged_in_as_admin'
  /usr/lib/ruby/1.8/mongrel.rb:159:in `process_client'
  /usr/lib/ruby/1.8/mongrel.rb:158:in `each'
  /usr/lib/ruby/1.8/mongrel.rb:158:in `process_client'
  /usr/lib/ruby/1.8/mongrel.rb:285:in `run'
  /usr/lib/ruby/1.8/mongrel.rb:285:in `initialize'
  /usr/lib/ruby/1.8/mongrel.rb:285:in `new'
  /usr/lib/ruby/1.8/mongrel.rb:285:in `run'
  /usr/lib/ruby/1.8/mongrel.rb:268:in `initialize'
  /usr/lib/ruby/1.8/mongrel.rb:268:in `new'
  /usr/lib/ruby/1.8/mongrel.rb:268:in `run'

Rendered rescues/_trace (71.3ms)
Rendered rescues/_request_and_response (1.9ms)
Rendering rescues/layout (internal_server_error)
  [4;36;1mSQL (0.0ms)[0m   [0;1mSET client_min_messages TO 'panic'[0m
  [4;35;1mSQL (0.2ms)[0m   [0mSET client_min_messages TO 'warning'[0m


Processing UsersController#admin_show (for 127.0.0.1 at 2009-05-18 20:20:28) [GET]
  Parameters: {"action"=>"admin_show", "controller"=>"users"}
Redirected to http://localhost:3000/login
Filter chain halted as [:check_logged_in_as_admin] rendered_or_redirected.
Completed in 84553ms (DB: 0) | 302 Found [http://localhost/admin/users]
  [4;36;1mSQL (0.4ms)[0m   [0;1mSET client_min_messages TO 'panic'[0m
  [4;35;1mSQL (0.2ms)[0m   [0mSET client_min_messages TO 'warning'[0m


Processing UsersController#admin_show (for 127.0.0.1 at 2009-05-18 20:21:53) [GET]
  Parameters: {"action"=>"admin_show", "controller"=>"users"}
Redirected to http://localhost:3000/login
Filter chain halted as [:check_logged_in_as_admin] rendered_or_redirected.
Completed in 1355ms (DB: 1) | 302 Found [http://localhost/admin/users]
  [4;36;1mSQL (0.4ms)[0m   [0;1mSET client_min_messages TO 'panic'[0m
  [4;35;1mSQL (0.2ms)[0m   [0mSET client_min_messages TO 'warning'[0m


Processing UsersController#admin_show (for 127.0.0.1 at 2009-05-18 20:21:54) [GET]
  Parameters: {"action"=>"admin_show", "controller"=>"users"}
Redirected to http://localhost:3000/login
Filter chain halted as [:check_logged_in_as_admin] rendered_or_redirected.
Completed in 693ms (DB: 1) | 302 Found [http://localhost/admin/users]
  [4;36;1mSQL (0.1ms)[0m   [0;1mSET client_min_messages TO 'panic'[0m
  [4;35;1mSQL (0.1ms)[0m   [0mSET client_min_messages TO 'warning'[0m


Processing PresentationsController#show (for 127.0.0.1 at 2009-05-18 20:21:55) [GET]
  Parameters: {"action"=>"show", "url"=>["login"], "controller"=>"presentations"}
Completed in 5ms (View: 1, DB: 0) | 200 OK [http://localhost/login]
  [4;36;1mSQL (0.2ms)[0m   [0;1mSET client_min_messages TO 'panic'[0m
  [4;35;1mSQL (0.1ms)[0m   [0mSET client_min_messages TO 'warning'[0m


Processing UsersController#admin_show (for 127.0.0.1 at 2009-05-18 20:22:51) [GET]
  Parameters: {"action"=>"admin_show", "controller"=>"users"}

TypeError (exception class/object expected):
  app/controllers/admin_controller.rb:27:in `raise'
  app/controllers/admin_controller.rb:27:in `check_logged_in_as_admin'
  /usr/lib/ruby/1.8/mongrel.rb:159:in `process_client'
  /usr/lib/ruby/1.8/mongrel.rb:158:in `each'
  /usr/lib/ruby/1.8/mongrel.rb:158:in `process_client'
  /usr/lib/ruby/1.8/mongrel.rb:285:in `run'
  /usr/lib/ruby/1.8/mongrel.rb:285:in `initialize'
  /usr/lib/ruby/1.8/mongrel.rb:285:in `new'
  /usr/lib/ruby/1.8/mongrel.rb:285:in `run'
  /usr/lib/ruby/1.8/mongrel.rb:268:in `initialize'
  /usr/lib/ruby/1.8/mongrel.rb:268:in `new'
  /usr/lib/ruby/1.8/mongrel.rb:268:in `run'

Rendered rescues/_trace (80.9ms)
Rendered rescues/_request_and_response (1.0ms)
Rendering rescues/layout (internal_server_error)
  [4;36;1mSQL (0.2ms)[0m   [0;1mSET client_min_messages TO 'panic'[0m
  [4;35;1mSQL (0.2ms)[0m   [0mSET client_min_messages TO 'warning'[0m


Processing UsersController#admin_show (for 127.0.0.1 at 2009-05-18 20:23:02) [GET]
  Parameters: {"action"=>"admin_show", "controller"=>"users"}

RuntimeError ({"action"=>"admin_show", "controller"=>"users"}):
  app/controllers/admin_controller.rb:27:in `check_logged_in_as_admin'
  /usr/lib/ruby/1.8/mongrel.rb:159:in `process_client'
  /usr/lib/ruby/1.8/mongrel.rb:158:in `each'
  /usr/lib/ruby/1.8/mongrel.rb:158:in `process_client'
  /usr/lib/ruby/1.8/mongrel.rb:285:in `run'
  /usr/lib/ruby/1.8/mongrel.rb:285:in `initialize'
  /usr/lib/ruby/1.8/mongrel.rb:285:in `new'
  /usr/lib/ruby/1.8/mongrel.rb:285:in `run'
  /usr/lib/ruby/1.8/mongrel.rb:268:in `initialize'
  /usr/lib/ruby/1.8/mongrel.rb:268:in `new'
  /usr/lib/ruby/1.8/mongrel.rb:268:in `run'

Rendered rescues/_trace (59.5ms)
Rendered rescues/_request_and_response (0.3ms)
Rendering rescues/layout (internal_server_error)
  [4;36;1mSQL (0.2ms)[0m   [0;1mSET client_min_messages TO 'panic'[0m
  [4;35;1mSQL (0.1ms)[0m   [0mSET client_min_messages TO 'warning'[0m


Processing UsersController#admin_show (for 127.0.0.1 at 2009-05-18 20:25:03) [GET]
  Parameters: {"action"=>"admin_show", "controller"=>"users"}

TypeError (type mismatch: String given):
  app/controllers/admin_controller.rb:27:in `=~'
  app/controllers/admin_controller.rb:27:in `check_logged_in_as_admin'
  /usr/lib/ruby/1.8/mongrel.rb:159:in `process_client'
  /usr/lib/ruby/1.8/mongrel.rb:158:in `each'
  /usr/lib/ruby/1.8/mongrel.rb:158:in `process_client'
  /usr/lib/ruby/1.8/mongrel.rb:285:in `run'
  /usr/lib/ruby/1.8/mongrel.rb:285:in `initialize'
  /usr/lib/ruby/1.8/mongrel.rb:285:in `new'
  /usr/lib/ruby/1.8/mongrel.rb:285:in `run'
  /usr/lib/ruby/1.8/mongrel.rb:268:in `initialize'
  /usr/lib/ruby/1.8/mongrel.rb:268:in `new'
  /usr/lib/ruby/1.8/mongrel.rb:268:in `run'

Rendered rescues/_trace (82.1ms)
Rendered rescues/_request_and_response (0.6ms)
Rendering rescues/layout (internal_server_error)
  [4;36;1mSQL (0.3ms)[0m   [0;1mSET client_min_messages TO 'panic'[0m
  [4;35;1mSQL (0.2ms)[0m   [0mSET client_min_messages TO 'warning'[0m


Processing UsersController#admin_show (for 127.0.0.1 at 2009-05-18 20:25:14) [GET]
  Parameters: {"action"=>"admin_show", "controller"=>"users"}

RuntimeError (hre):
  app/controllers/admin_controller.rb:28:in `check_logged_in_as_admin'
  /usr/lib/ruby/1.8/mongrel.rb:159:in `process_client'
  /usr/lib/ruby/1.8/mongrel.rb:158:in `each'
  /usr/lib/ruby/1.8/mongrel.rb:158:in `process_client'
  /usr/lib/ruby/1.8/mongrel.rb:285:in `run'
  /usr/lib/ruby/1.8/mongrel.rb:285:in `initialize'
  /usr/lib/ruby/1.8/mongrel.rb:285:in `new'
  /usr/lib/ruby/1.8/mongrel.rb:285:in `run'
  /usr/lib/ruby/1.8/mongrel.rb:268:in `initialize'
  /usr/lib/ruby/1.8/mongrel.rb:268:in `new'
  /usr/lib/ruby/1.8/mongrel.rb:268:in `run'

Rendered rescues/_trace (52.8ms)
Rendered rescues/_request_and_response (0.3ms)
Rendering rescues/layout (internal_server_error)
  [4;36;1mSQL (0.3ms)[0m   [0;1mSET client_min_messages TO 'panic'[0m
  [4;35;1mSQL (0.1ms)[0m   [0mSET client_min_messages TO 'warning'[0m


Processing UsersController#index (for 127.0.0.1 at 2009-05-18 20:25:37) [GET]
  Parameters: {"action"=>"index", "controller"=>"users"}
  [4;36;1mUser Load (421.9ms)[0m   [0;1mSELECT * FROM "users" [0m
Rendering template within layouts/users
Rendering users/index
Completed in 617ms (View: 56, DB: 422) | 200 OK [http://localhost/users]
  [4;35;1mSQL (0.5ms)[0m   [0mSET client_min_messages TO 'panic'[0m
  [4;36;1mSQL (0.5ms)[0m   [0;1mSET client_min_messages TO 'warning'[0m


Processing UsersController#index (for 127.0.0.1 at 2009-05-18 20:32:13) [GET]
  Parameters: {"action"=>"index", "controller"=>"users"}
  [4;35;1mUser Load (4.1ms)[0m   [0mSELECT * FROM "users" [0m
Rendering template within layouts/users
Rendering users/index
Completed in 17ms (View: 3, DB: 5) | 200 OK [http://localhost/users]
  [4;36;1mSQL (0.6ms)[0m   [0;1mSET client_min_messages TO 'panic'[0m
  [4;35;1mSQL (0.2ms)[0m   [0mSET client_min_messages TO 'warning'[0m


Processing UsersController#admin_show (for 127.0.0.1 at 2009-05-18 20:32:26) [GET]
  Parameters: {"action"=>"admin_show", "controller"=>"users"}
Redirected to http://localhost:3000/login
Filter chain halted as [:check_logged_in_as_admin] rendered_or_redirected.
Completed in 1ms (DB: 1) | 302 Found [http://localhost/admin/users]
  [4;36;1mSQL (0.3ms)[0m   [0;1mSET client_min_messages TO 'panic'[0m
  [4;35;1mSQL (0.1ms)[0m   [0mSET client_min_messages TO 'warning'[0m


Processing PresentationsController#show (for 127.0.0.1 at 2009-05-18 20:32:26) [GET]
  Parameters: {"action"=>"show", "url"=>["login"], "controller"=>"presentations"}
Completed in 4ms (View: 1, DB: 0) | 200 OK [http://localhost/login]
  [4;36;1mSQL (1.1ms)[0m   [0;1mSET client_min_messages TO 'panic'[0m
  [4;35;1mSQL (0.1ms)[0m   [0mSET client_min_messages TO 'warning'[0m


Processing UsersController#admin_show (for 127.0.0.1 at 2009-05-18 20:33:14) [GET]
  Parameters: {"action"=>"admin_show", "controller"=>"users"}
Redirected to http://localhost:3000/login
Filter chain halted as [:check_logged_in_as_admin] rendered_or_redirected.
Completed in 1ms (DB: 1) | 302 Found [http://localhost/admin/users]
  [4;36;1mSQL (0.2ms)[0m   [0;1mSET client_min_messages TO 'panic'[0m
  [4;35;1mSQL (0.1ms)[0m   [0mSET client_min_messages TO 'warning'[0m


Processing PresentationsController#show (for 127.0.0.1 at 2009-05-18 20:33:14) [GET]
  Parameters: {"action"=>"show", "url"=>["login"], "controller"=>"presentations"}
Completed in 4ms (View: 1, DB: 0) | 200 OK [http://localhost/login]
  [4;36;1mSQL (0.3ms)[0m   [0;1mSET client_min_messages TO 'panic'[0m
  [4;35;1mSQL (0.1ms)[0m   [0mSET client_min_messages TO 'warning'[0m


Processing ServicesController#admin_show (for 127.0.0.1 at 2009-05-18 20:33:19) [GET]
  Parameters: {"action"=>"admin_show", "controller"=>"services"}

ActionController::UnknownAction (No action responded to admin_show. Actions: create, destroy, edit, index, new, show, and update):
  /usr/lib/ruby/1.8/mongrel.rb:159:in `process_client'
  /usr/lib/ruby/1.8/mongrel.rb:158:in `each'
  /usr/lib/ruby/1.8/mongrel.rb:158:in `process_client'
  /usr/lib/ruby/1.8/mongrel.rb:285:in `run'
  /usr/lib/ruby/1.8/mongrel.rb:285:in `initialize'
  /usr/lib/ruby/1.8/mongrel.rb:285:in `new'
  /usr/lib/ruby/1.8/mongrel.rb:285:in `run'
  /usr/lib/ruby/1.8/mongrel.rb:268:in `initialize'
  /usr/lib/ruby/1.8/mongrel.rb:268:in `new'
  /usr/lib/ruby/1.8/mongrel.rb:268:in `run'

Rendering rescues/layout (not_found)
  [4;36;1mSQL (0.4ms)[0m   [0;1mSET client_min_messages TO 'panic'[0m
  [4;35;1mSQL (0.2ms)[0m   [0mSET client_min_messages TO 'warning'[0m


Processing ServicesController#admin_show (for 127.0.0.1 at 2009-05-18 20:35:14) [GET]
  Parameters: {"action"=>"admin_show", "controller"=>"services"}

ActionController::UnknownAction (No action responded to admin_show. Actions: create, destroy, edit, index, new, show, and update):
  /usr/lib/ruby/1.8/mongrel.rb:159:in `process_client'
  /usr/lib/ruby/1.8/mongrel.rb:158:in `each'
  /usr/lib/ruby/1.8/mongrel.rb:158:in `process_client'
  /usr/lib/ruby/1.8/mongrel.rb:285:in `run'
  /usr/lib/ruby/1.8/mongrel.rb:285:in `initialize'
  /usr/lib/ruby/1.8/mongrel.rb:285:in `new'
  /usr/lib/ruby/1.8/mongrel.rb:285:in `run'
  /usr/lib/ruby/1.8/mongrel.rb:268:in `initialize'
  /usr/lib/ruby/1.8/mongrel.rb:268:in `new'
  /usr/lib/ruby/1.8/mongrel.rb:268:in `run'

Rendering rescues/layout (not_found)
  [4;36;1mSQL (0.4ms)[0m   [0;1mSET client_min_messages TO 'panic'[0m
  [4;35;1mSQL (0.4ms)[0m   [0mSET client_min_messages TO 'warning'[0m


Processing ServicesController#admin_show (for 127.0.0.1 at 2009-05-18 20:35:32) [GET]
  Parameters: {"action"=>"admin_show", "controller"=>"services"}
Redirected to http://localhost:3000/login
Filter chain halted as [:check_logged_in_as_admin] rendered_or_redirected.
Completed in 1ms (DB: 1) | 302 Found [http://localhost/admin/services]
  [4;36;1mSQL (0.2ms)[0m   [0;1mSET client_min_messages TO 'panic'[0m
  [4;35;1mSQL (0.1ms)[0m   [0mSET client_min_messages TO 'warning'[0m


Processing PresentationsController#show (for 127.0.0.1 at 2009-05-18 20:35:32) [GET]
  Parameters: {"action"=>"show", "url"=>["login"], "controller"=>"presentations"}
Completed in 4ms (View: 1, DB: 0) | 200 OK [http://localhost/login]
